Exporter version: 5.4.2, Blender version: 2.78 (sub 0)
========= Conversion from Blender to Babylon.js =========
	Scene settings used:
		selected layers only:  false
		flat shading entire scene:  false
		inline textures:  false
		texture directory:  C:\Users\Sven\Documents\SvenFrankson\ludum-dare-40\data\
	Python World class constructor completed
	WARNING: No active camera has been assigned, or is not in a currently selected Blender layer
	processing begun of mesh:  Circle
		WARNING: No materials have been assigned: 
		num positions      :  192
		num normals        :  192
		num uvs            :  0
		num uvs2           :  0
		num colors         :  0
		num indices        :  1152
	processing begun of mesh:  Shell.002
		WARNING: No materials have been assigned: 
		num positions      :  68
		num normals        :  68
		num uvs            :  0
		num uvs2           :  0
		num colors         :  0
		num indices        :  396
	processing begun of mesh:  Shell.001
		WARNING: No materials have been assigned: 
		num positions      :  216
		num normals        :  216
		num uvs            :  0
		num uvs2           :  0
		num colors         :  0
		num indices        :  648
	processing begun of mesh:  Cube.001
		WARNING: No materials have been assigned: 
		num positions      :  8
		num normals        :  8
		num uvs            :  0
		num uvs2           :  0
		num colors         :  0
		num indices        :  36
	processing begun of mesh:  Cube
		WARNING: No materials have been assigned: 
		num positions      :  8
		num normals        :  8
		num uvs            :  0
		num uvs2           :  0
		num colors         :  0
		num indices        :  36
	processing begun of mesh:  Cabin
		WARNING: No materials have been assigned: 
		num positions      :  24
		num normals        :  24
		num uvs            :  0
		num uvs2           :  0
		num colors         :  0
		num indices        :  108
	processing begun of mesh:  Shell
		WARNING: No materials have been assigned: 
		num positions      :  78
		num normals        :  78
		num uvs            :  0
		num uvs2           :  0
		num colors         :  0
		num indices        :  456
========= Writing of scene file started =========
========= Writing of scene file completed =========
========= end of processing =========
elapsed time:  0 min, 0.1378 secs
